【INFO】 | 22年05月30日 17时37分 | go.py——39 | 当前时间为2022-05-30 17:37:31
【DEBUG】 | 22年05月31日 17时37分 | go.py——32 | 目前即将开始运行第0个，文件为AnGangZhaoBiaoBussinessPro
【DEBUG】 | 22年05月31日 17时38分 | go.py——32 | 目前即将开始运行第1个，文件为AnGangZhaoBiaoBussinessPro_Second
【DEBUG】 | 22年05月31日 17时39分 | go.py——32 | 目前即将开始运行第2个，文件为AnGangZhaoBiaoBussinessPro_first
【DEBUG】 | 22年05月31日 17时46分 | go.py——32 | 目前即将开始运行第3个，文件为AnHuiProvinceOnlineInvestPro
【DEBUG】 | 22年05月31日 17时48分 | go.py——32 | 目前即将开始运行第4个，文件为BaoGangElectronicPlatform
【DEBUG】 | 22年05月31日 17时49分 | go.py——32 | 目前即将开始运行第5个，文件为ChiZhouCityPublicResourcePro
【DEBUG】 | 22年05月31日 17时49分 | go.py——32 | 目前即将开始运行第6个，文件为ChinaPublicServicePlatform
【DEBUG】 | 22年05月31日 20时56分 | go.py——32 | 目前即将开始运行第7个，文件为ChinaYiDongInvestPro
【DEBUG】 | 22年05月31日 20时56分 | go.py——32 | 目前即将开始运行第8个，文件为ChuZhouGovPro
【DEBUG】 | 22年05月31日 20时57分 | go.py——32 | 目前即将开始运行第9个，文件为FuShunCityEcologicalEnvironPro
【DEBUG】 | 22年05月31日 20时57分 | go.py——32 | 目前即将开始运行第10个，文件为GanSuNatureResourcePro
【DEBUG】 | 22年05月31日 20时59分 | go.py——32 | 目前即将开始运行第11个，文件为GanSuProvinceNatureResource
【DEBUG】 | 22年05月31日 20时59分 | go.py——32 | 目前即将开始运行第12个，文件为GuangDongOnlineInvestPro
【DEBUG】 | 22年05月31日 20时59分 | go.py——32 | 目前即将开始运行第13个，文件为HeBeiInvestMentPro
【DEBUG】 | 22年05月31日 20时59分 | go.py——32 | 目前即将开始运行第14个，文件为HeBeiProvinceBiddingPublicServicePlatform
【DEBUG】 | 22年05月31日 21时10分 | go.py——32 | 目前即将开始运行第15个，文件为HeFeiBaoHeAreaGovPro
【DEBUG】 | 22年05月31日 21时10分 | go.py——32 | 目前即将开始运行第16个，文件为HeFeiChaoHuGovPro
【DEBUG】 | 22年05月31日 21时11分 | go.py——32 | 目前即将开始运行第17个，文件为HeFeiCityEcologicalEnvironmentGovPro
【DEBUG】 | 22年05月31日 21时12分 | go.py——32 | 目前即将开始运行第18个，文件为HeFeiCityNatureResourcePro
【DEBUG】 | 22年05月31日 21时13分 | go.py——32 | 目前即将开始运行第19个，文件为HeFeiEmergencyPro
【DEBUG】 | 22年05月31日 21时13分 | go.py——32 | 目前即将开始运行第20个，文件为HebeiProvinceEcologyEnvironmentPro
【DEBUG】 | 22年05月31日 21时14分 | go.py——32 | 目前即将开始运行第21个，文件为HefeiLuJiangGovPro
【DEBUG】 | 22年05月31日 21时16分 | go.py——32 | 目前即将开始运行第22个，文件为HuBeiEcologicalEnvironmentPro
【DEBUG】 | 22年05月31日 21时16分 | go.py——32 | 目前即将开始运行第23个，文件为HuBeiNaturalResourceGovPro
【DEBUG】 | 22年05月31日 22时34分 | go.py——32 | 目前即将开始运行第24个，文件为HuBeiNatureResourceMINGovPro
【DEBUG】 | 22年05月31日 22时36分 | go.py——32 | 目前即将开始运行第25个，文件为HuBeiNatureResourceMINZFGovPro
【DEBUG】 | 22年05月31日 22时36分 | go.py——32 | 目前即将开始运行第26个，文件为HuBeiOnlineGovernPro
【DEBUG】 | 22年05月31日 22时42分 | go.py——32 | 目前即将开始运行第27个，文件为HuangShanQiMenCountryTownGovPro
【DEBUG】 | 22年05月31日 22时43分 | go.py——32 | 目前即将开始运行第28个，文件为JiangXiOnlineInvestPro
【DEBUG】 | 22年05月31日 22时43分 | go.py——32 | 目前即将开始运行第29个，文件为JiuQuanCityPublicResourcePro
【DEBUG】 | 22年05月31日 22时44分 | go.py——32 | 目前即将开始运行第30个，文件为MaAnShanCityPublicResourcePro
【DEBUG】 | 22年05月31日 22时44分 | go.py——32 | 目前即将开始运行第31个，文件为NeiMengGuInvestPro
【DEBUG】 | 22年05月31日 22时44分 | go.py——32 | 目前即将开始运行第32个，文件为PPPProjectInfoPro
【DEBUG】 | 22年05月31日 22时44分 | go.py——32 | 目前即将开始运行第33个，文件为QingHaiOnlineInvestPro
【DEBUG】 | 22年05月31日 22时50分 | go.py——32 | 目前即将开始运行第34个，文件为ShanDongProvinceBiddingSupervisionPro
【DEBUG】 | 22年05月31日 22时50分 | go.py——32 | 目前即将开始运行第35个，文件为ShanXiOnlineGovernPro
【DEBUG】 | 22年05月31日 22时58分 | go.py——32 | 目前即将开始运行第36个，文件为ShanXiProvinceTenderingBiddingPro
【DEBUG】 | 22年05月31日 22时58分 | go.py——32 | 目前即将开始运行第37个，文件为ShanaXiInvestPro
【DEBUG】 | 22年05月31日 22时58分 | go.py——32 | 目前即将开始运行第38个，文件为ShanaxiInvestOnlinePro
【DEBUG】 | 22年05月31日 23时00分 | go.py——32 | 目前即将开始运行第39个，文件为ShangHaiBaoHuaBiddingBussiness
【DEBUG】 | 22年05月31日 23时01分 | go.py——32 | 目前即将开始运行第40个，文件为ShangHaiBaoWuBiddingBussiness
【DEBUG】 | 22年05月31日 23时02分 | go.py——32 | 目前即将开始运行第41个，文件为ShangHaiOuYeBiddingBussiness
【DEBUG】 | 22年05月31日 23时07分 | go.py——32 | 目前即将开始运行第42个，文件为SiChuanGovernmentservicePro
【DEBUG】 | 22年05月31日 23时36分 | go.py——32 | 目前即将开始运行第43个，文件为StateGridTenderAnnouncement
【DEBUG】 | 22年05月31日 23时37分 | go.py——32 | 目前即将开始运行第44个，文件为SunShineSevenMiningPro
【DEBUG】 | 22年05月31日 23时37分 | go.py——32 | 目前即将开始运行第45个，文件为TongLinYouSeMetalPro
【DEBUG】 | 22年05月31日 23时37分 | go.py——32 | 目前即将开始运行第46个，文件为TongLinYouSeMetal_oldPro
【DEBUG】 | 22年05月31日 23时37分 | go.py——32 | 目前即将开始运行第47个，文件为TongLingElectronicBussiness
【DEBUG】 | 22年05月31日 23时37分 | go.py——32 | 目前即将开始运行第48个，文件为WuKuangNationInvestBussiness
【DEBUG】 | 22年05月31日 23时38分 | go.py——32 | 目前即将开始运行第49个，文件为XiZangOnlineInvestPro
